This is pdfTeX, Version 3.14159265-2.6-1.40.16 (TeX Live 2015) (preloaded format=pdflatex 2015.5.24)  21 MAR 2018 14:33
entering extended mode
 restricted \write18 enabled.
 %&-line parsing enabled.
**0-DSPMV.tex
(./0-DSPMV.tex
LaTeX2e <2015/01/01>
Babel <3.9l> and hyphenation patterns for 79 languages loaded.
(./IEEEtran.cls
Document Class: IEEEtran 2007/03/05 V1.7a by Michael Shell
-- See the "IEEEtran_HOWTO" manual for usage information.
-- http://www.michaelshell.org/tex/ieeetran/
\@IEEEtrantmpdimenA=\dimen102
\@IEEEtrantmpdimenB=\dimen103
\@IEEEtrantmpcountA=\count79
\@IEEEtrantmpcountB=\count80
\@IEEEtrantmptoksA=\toks14
LaTeX Font Info:    Try loading font information for OT1+ptm on input line 373.

(/usr/local/texlive/2015/texmf-dist/tex/latex/psnfss/ot1ptm.fd
File: ot1ptm.fd 2001/06/04 font definitions for OT1/ptm.
)
-- Using 8.5in x 11in (letter) paper.
-- Using PDF output.
\@IEEEnormalsizeunitybaselineskip=\dimen104
-- This is a 10 point document.
\CLASSINFOnormalsizebaselineskip=\dimen105
\CLASSINFOnormalsizeunitybaselineskip=\dimen106
\IEEEnormaljot=\dimen107
LaTeX Font Info:    Font shape `OT1/ptm/bx/n' in size <5> not available
(Font)              Font shape `OT1/ptm/b/n' tried instead on input line 731.
LaTeX Font Info:    Font shape `OT1/ptm/bx/it' in size <5> not available
(Font)              Font shape `OT1/ptm/b/it' tried instead on input line 731.
LaTeX Font Info:    Font shape `OT1/ptm/bx/n' in size <7> not available
(Font)              Font shape `OT1/ptm/b/n' tried instead on input line 731.
LaTeX Font Info:    Font shape `OT1/ptm/bx/it' in size <7> not available
(Font)              Font shape `OT1/ptm/b/it' tried instead on input line 731.
LaTeX Font Info:    Font shape `OT1/ptm/bx/n' in size <8> not available
(Font)              Font shape `OT1/ptm/b/n' tried instead on input line 731.
LaTeX Font Info:    Font shape `OT1/ptm/bx/it' in size <8> not available
(Font)              Font shape `OT1/ptm/b/it' tried instead on input line 731.
LaTeX Font Info:    Font shape `OT1/ptm/bx/n' in size <9> not available
(Font)              Font shape `OT1/ptm/b/n' tried instead on input line 731.
LaTeX Font Info:    Font shape `OT1/ptm/bx/it' in size <9> not available
(Font)              Font shape `OT1/ptm/b/it' tried instead on input line 731.
LaTeX Font Info:    Font shape `OT1/ptm/bx/n' in size <10> not available
(Font)              Font shape `OT1/ptm/b/n' tried instead on input line 731.
LaTeX Font Info:    Font shape `OT1/ptm/bx/it' in size <10> not available
(Font)              Font shape `OT1/ptm/b/it' tried instead on input line 731.
LaTeX Font Info:    Font shape `OT1/ptm/bx/n' in size <11> not available
(Font)              Font shape `OT1/ptm/b/n' tried instead on input line 731.
LaTeX Font Info:    Font shape `OT1/ptm/bx/it' in size <11> not available
(Font)              Font shape `OT1/ptm/b/it' tried instead on input line 731.
LaTeX Font Info:    Font shape `OT1/ptm/bx/n' in size <12> not available
(Font)              Font shape `OT1/ptm/b/n' tried instead on input line 731.
LaTeX Font Info:    Font shape `OT1/ptm/bx/it' in size <12> not available
(Font)              Font shape `OT1/ptm/b/it' tried instead on input line 731.
LaTeX Font Info:    Font shape `OT1/ptm/bx/n' in size <17> not available
(Font)              Font shape `OT1/ptm/b/n' tried instead on input line 731.
LaTeX Font Info:    Font shape `OT1/ptm/bx/it' in size <17> not available
(Font)              Font shape `OT1/ptm/b/it' tried instead on input line 731.
LaTeX Font Info:    Font shape `OT1/ptm/bx/n' in size <20> not available
(Font)              Font shape `OT1/ptm/b/n' tried instead on input line 731.
LaTeX Font Info:    Font shape `OT1/ptm/bx/it' in size <20> not available
(Font)              Font shape `OT1/ptm/b/it' tried instead on input line 731.
LaTeX Font Info:    Font shape `OT1/ptm/bx/n' in size <24> not available
(Font)              Font shape `OT1/ptm/b/n' tried instead on input line 731.
LaTeX Font Info:    Font shape `OT1/ptm/bx/it' in size <24> not available
(Font)              Font shape `OT1/ptm/b/it' tried instead on input line 731.
\IEEEilabelindentA=\dimen108
\IEEEilabelindentB=\dimen109
\IEEEilabelindent=\dimen110
\IEEEelabelindent=\dimen111
\IEEEdlabelindent=\dimen112
\IEEElabelindent=\dimen113
\IEEEiednormlabelsep=\dimen114
\IEEEiedmathlabelsep=\dimen115
\IEEEiedtopsep=\skip41
\c@section=\count81
\c@subsection=\count82
\c@subsubsection=\count83
\c@paragraph=\count84
\c@IEEEsubequation=\count85
\abovecaptionskip=\skip42
\belowcaptionskip=\skip43
\c@figure=\count86
\c@table=\count87
\@IEEEeqnnumcols=\count88
\@IEEEeqncolcnt=\count89
\@IEEEtmpitemindent=\dimen116
\c@IEEEbiography=\count90
\@IEEEtranrubishbin=\box26
) (/usr/local/texlive/2015/texmf-dist/tex/latex/graphics/graphicx.sty
Package: graphicx 2014/10/28 v1.0g Enhanced LaTeX Graphics (DPC,SPQR)

(/usr/local/texlive/2015/texmf-dist/tex/latex/graphics/keyval.sty
Package: keyval 2014/10/28 v1.15 key=value parser (DPC)
\KV@toks@=\toks15
)
(/usr/local/texlive/2015/texmf-dist/tex/latex/graphics/graphics.sty
Package: graphics 2014/10/28 v1.0p Standard LaTeX Graphics (DPC,SPQR)

(/usr/local/texlive/2015/texmf-dist/tex/latex/graphics/trig.sty
Package: trig 1999/03/16 v1.09 sin cos tan (DPC)
)
(/usr/local/texlive/2015/texmf-dist/tex/latex/latexconfig/graphics.cfg
File: graphics.cfg 2010/04/23 v1.9 graphics configuration of TeX Live
)
Package graphics Info: Driver file: pdftex.def on input line 94.

(/usr/local/texlive/2015/texmf-dist/tex/latex/pdftex-def/pdftex.def
File: pdftex.def 2011/05/27 v0.06d Graphics/color for pdfTeX

(/usr/local/texlive/2015/texmf-dist/tex/generic/oberdiek/infwarerr.sty
Package: infwarerr 2010/04/08 v1.3 Providing info/warning/error messages (HO)
)
(/usr/local/texlive/2015/texmf-dist/tex/generic/oberdiek/ltxcmds.sty
Package: ltxcmds 2011/11/09 v1.22 LaTeX kernel commands for general use (HO)
)
\Gread@gobject=\count91
))
\Gin@req@height=\dimen117
\Gin@req@width=\dimen118
)
(/usr/local/texlive/2015/texmf-dist/tex/latex/url/url.sty
\Urlmuskip=\muskip10
Package: url 2013/09/16  ver 3.4  Verb mode for urls, etc.
)
(/usr/local/texlive/2015/texmf-dist/tex/latex/preprint/balance.sty
Package: balance 1999/02/23 4.3 (PWD)
\oldvsize=\dimen119
)
(/usr/local/texlive/2015/texmf-dist/tex/latex/amsmath/amsmath.sty
Package: amsmath 2013/01/14 v2.14 AMS math features
\@mathmargin=\skip44

For additional information on amsmath, use the `?' option.
(/usr/local/texlive/2015/texmf-dist/tex/latex/amsmath/amstext.sty
Package: amstext 2000/06/29 v2.01

(/usr/local/texlive/2015/texmf-dist/tex/latex/amsmath/amsgen.sty
File: amsgen.sty 1999/11/30 v2.0
\@emptytoks=\toks16
\ex@=\dimen120
))
(/usr/local/texlive/2015/texmf-dist/tex/latex/amsmath/amsbsy.sty
Package: amsbsy 1999/11/29 v1.2d
\pmbraise@=\dimen121
)
(/usr/local/texlive/2015/texmf-dist/tex/latex/amsmath/amsopn.sty
Package: amsopn 1999/12/14 v2.01 operator names
)
\inf@bad=\count92
LaTeX Info: Redefining \frac on input line 210.
\uproot@=\count93
\leftroot@=\count94
LaTeX Info: Redefining \overline on input line 306.
\classnum@=\count95
\DOTSCASE@=\count96
LaTeX Info: Redefining \ldots on input line 378.
LaTeX Info: Redefining \dots on input line 381.
LaTeX Info: Redefining \cdots on input line 466.
\Mathstrutbox@=\box27
\strutbox@=\box28
\big@size=\dimen122
LaTeX Font Info:    Redeclaring font encoding OML on input line 566.
LaTeX Font Info:    Redeclaring font encoding OMS on input line 567.
\macc@depth=\count97
\c@MaxMatrixCols=\count98
\dotsspace@=\muskip11
\c@parentequation=\count99
\dspbrk@lvl=\count100
\tag@help=\toks17
\row@=\count101
\column@=\count102
\maxfields@=\count103
\andhelp@=\toks18
\eqnshift@=\dimen123
\alignsep@=\dimen124
\tagshift@=\dimen125
\tagwidth@=\dimen126
\totwidth@=\dimen127
\lineht@=\dimen128
\@envbody=\toks19
\multlinegap=\skip45
\multlinetaggap=\skip46
\mathdisplay@stack=\toks20
LaTeX Info: Redefining \[ on input line 2665.
LaTeX Info: Redefining \] on input line 2666.
)
(/usr/local/texlive/2015/texmf-dist/tex/latex/algorithms/algorithm.sty
Package: algorithm 2009/08/24 v0.1 Document Style `algorithm' - floating enviro
nment

(/usr/local/texlive/2015/texmf-dist/tex/latex/float/float.sty
Package: float 2001/11/08 v1.3d Float enhancements (AL)
\c@float@type=\count104
\float@exts=\toks21
\float@box=\box29
\@float@everytoks=\toks22
\@floatcapt=\box30
)
(/usr/local/texlive/2015/texmf-dist/tex/latex/base/ifthen.sty
Package: ifthen 2014/09/29 v1.1c Standard LaTeX ifthen package (DPC)
)
\@float@every@algorithm=\toks23
\c@algorithm=\count105
)
(/usr/local/texlive/2015/texmf-dist/tex/latex/algorithmicx/algpseudocode.sty
Package: algpseudocode 

(/usr/local/texlive/2015/texmf-dist/tex/latex/algorithmicx/algorithmicx.sty
Package: algorithmicx 2005/04/27 v1.2 Algorithmicx

Document Style algorithmicx 1.2 - a greatly improved `algorithmic' style
\c@ALG@line=\count106
\c@ALG@rem=\count107
\c@ALG@nested=\count108
\ALG@tlm=\skip47
\ALG@thistlm=\skip48
\c@ALG@Lnr=\count109
\c@ALG@blocknr=\count110
\c@ALG@storecount=\count111
\c@ALG@tmpcounter=\count112
\ALG@tmplength=\skip49
)
Document Style - pseudocode environments for use with the `algorithmicx' style
) (/usr/local/texlive/2015/texmf-dist/tex/latex/xcolor/xcolor.sty
Package: xcolor 2007/01/21 v2.11 LaTeX color extensions (UK)

(/usr/local/texlive/2015/texmf-dist/tex/latex/latexconfig/color.cfg
File: color.cfg 2007/01/18 v1.5 color configuration of teTeX/TeXLive
)
Package xcolor Info: Driver file: pdftex.def on input line 225.
Package xcolor Info: Model `cmy' substituted by `cmy0' on input line 1337.
Package xcolor Info: Model `hsb' substituted by `rgb' on input line 1341.
Package xcolor Info: Model `RGB' extended on input line 1353.
Package xcolor Info: Model `HTML' substituted by `rgb' on input line 1355.
Package xcolor Info: Model `Hsb' substituted by `hsb' on input line 1356.
Package xcolor Info: Model `tHsb' substituted by `hsb' on input line 1357.
Package xcolor Info: Model `HSB' substituted by `hsb' on input line 1358.
Package xcolor Info: Model `Gray' substituted by `gray' on input line 1359.
Package xcolor Info: Model `wave' substituted by `hsb' on input line 1360.
)
(./0-DSPMV.aux)
\openout1 = `0-DSPMV.aux'.

LaTeX Font Info:    Checking defaults for OML/cmm/m/it on input line 369.
LaTeX Font Info:    ... okay on input line 369.
LaTeX Font Info:    Checking defaults for T1/cmr/m/n on input line 369.
LaTeX Font Info:    ... okay on input line 369.
LaTeX Font Info:    Checking defaults for OT1/cmr/m/n on input line 369.
LaTeX Font Info:    ... okay on input line 369.
LaTeX Font Info:    Checking defaults for OMS/cmsy/m/n on input line 369.
LaTeX Font Info:    ... okay on input line 369.
LaTeX Font Info:    Checking defaults for OMX/cmex/m/n on input line 369.
LaTeX Font Info:    ... okay on input line 369.
LaTeX Font Info:    Checking defaults for U/cmr/m/n on input line 369.
LaTeX Font Info:    ... okay on input line 369.

(/usr/local/texlive/2015/texmf-dist/tex/context/base/supp-pdf.mkii
[Loading MPS to PDF converter (version 2006.09.02).]
\scratchcounter=\count113
\scratchdimen=\dimen129
\scratchbox=\box31
\nofMPsegments=\count114
\nofMParguments=\count115
\everyMPshowfont=\toks24
\MPscratchCnt=\count116
\MPscratchDim=\dimen130
\MPnumerator=\count117
\makeMPintoPDFobject=\count118
\everyMPtoPDFconversion=\toks25
) (/usr/local/texlive/2015/texmf-dist/tex/generic/oberdiek/pdftexcmds.sty
Package: pdftexcmds 2011/11/29 v0.20 Utility functions of pdfTeX for LuaTeX (HO
)

(/usr/local/texlive/2015/texmf-dist/tex/generic/oberdiek/ifluatex.sty
Package: ifluatex 2010/03/01 v1.3 Provides the ifluatex switch (HO)
Package ifluatex Info: LuaTeX not detected.
)
(/usr/local/texlive/2015/texmf-dist/tex/generic/oberdiek/ifpdf.sty
Package: ifpdf 2011/01/30 v2.3 Provides the ifpdf switch (HO)
Package ifpdf Info: pdfTeX in PDF mode is detected.
)
Package pdftexcmds Info: LuaTeX not detected.
Package pdftexcmds Info: \pdf@primitive is available.
Package pdftexcmds Info: \pdf@ifprimitive is available.
Package pdftexcmds Info: \pdfdraftmode found.
)
(/usr/local/texlive/2015/texmf-dist/tex/latex/oberdiek/epstopdf-base.sty
Package: epstopdf-base 2010/02/09 v2.5 Base part for package epstopdf

(/usr/local/texlive/2015/texmf-dist/tex/latex/oberdiek/grfext.sty
Package: grfext 2010/08/19 v1.1 Manage graphics extensions (HO)

(/usr/local/texlive/2015/texmf-dist/tex/generic/oberdiek/kvdefinekeys.sty
Package: kvdefinekeys 2011/04/07 v1.3 Define keys (HO)
))
(/usr/local/texlive/2015/texmf-dist/tex/latex/oberdiek/kvoptions.sty
Package: kvoptions 2011/06/30 v3.11 Key value format for package options (HO)

(/usr/local/texlive/2015/texmf-dist/tex/generic/oberdiek/kvsetkeys.sty
Package: kvsetkeys 2012/04/25 v1.16 Key value parser (HO)

(/usr/local/texlive/2015/texmf-dist/tex/generic/oberdiek/etexcmds.sty
Package: etexcmds 2011/02/16 v1.5 Avoid name clashes with e-TeX commands (HO)
Package etexcmds Info: Could not find \expanded.
(etexcmds)             That can mean that you are not using pdfTeX 1.50 or
(etexcmds)             that some package has redefined \expanded.
(etexcmds)             In the latter case, load this package earlier.
)))
Package grfext Info: Graphics extension search list:
(grfext)             [.png,.pdf,.jpg,.mps,.jpeg,.jbig2,.jb2,.PNG,.PDF,.JPG,.JPE
G,.JBIG2,.JB2,.eps]
(grfext)             \AppendGraphicsExtensions on input line 452.

(/usr/local/texlive/2015/texmf-dist/tex/latex/latexconfig/epstopdf-sys.cfg
File: epstopdf-sys.cfg 2010/07/13 v1.3 Configuration of (r)epstopdf for TeX Liv
e
))
LaTeX Font Info:    Font shape `OT1/ptm/bx/n' in size <14> not available
(Font)              Font shape `OT1/ptm/b/n' tried instead on input line 419.

(./dspmv-abstract.tex) (./dspmv-body.tex (./dspmv-intro.tex
Package epstopdf Info: Source file: <figures/spmv-bylina-speedup.eps>
(epstopdf)                    date: 2017-09-18 16:06:24
(epstopdf)                    size: 475048 bytes
(epstopdf)             Output file: <figures/spmv-bylina-speedup-eps-converted-
to.pdf>
(epstopdf)                    date: 2017-09-18 16:06:24
(epstopdf)                    size: 40401 bytes
(epstopdf)             Command: <repstopdf --outfile=figures/spmv-bylina-speedu
p-eps-converted-to.pdf figures/spmv-bylina-speedup.eps>
(epstopdf)             \includegraphics on input line 6.
Package epstopdf Info: Output file is already uptodate.

<figures/spmv-bylina-speedup-eps-converted-to.pdf, id=1, 208.78pt x 182.6825pt>
File: figures/spmv-bylina-speedup-eps-converted-to.pdf Graphic file (type pdf)
<use figures/spmv-bylina-speedup-eps-converted-to.pdf>
Package pdftex.def Info: figures/spmv-bylina-speedup-eps-converted-to.pdf used 
on input line 6.
(pdftex.def)             Requested size: 146.14497pt x 127.87686pt.
) (./dspmv-analytic.tex
Package epstopdf Info: Source file: <figures/spmv-historical-hpcg-bw.eps>
(epstopdf)                    date: 2017-09-18 16:06:24
(epstopdf)                    size: 505927 bytes
(epstopdf)             Output file: <figures/spmv-historical-hpcg-bw-eps-conver
ted-to.pdf>
(epstopdf)                    date: 2017-09-18 16:06:24
(epstopdf)                    size: 43658 bytes
(epstopdf)             Command: <repstopdf --outfile=figures/spmv-historical-hp
cg-bw-eps-converted-to.pdf figures/spmv-historical-hpcg-bw.eps>
(epstopdf)             \includegraphics on input line 6.
Package epstopdf Info: Output file is already uptodate.

<figures/spmv-historical-hpcg-bw-eps-converted-to.pdf, id=2, 429.605pt x 282.05
376pt>
File: figures/spmv-historical-hpcg-bw-eps-converted-to.pdf Graphic file (type p
df)
 <use figures/spmv-historical-hpcg-bw-eps-converted-to.pdf>
Package pdftex.def Info: figures/spmv-historical-hpcg-bw-eps-converted-to.pdf u
sed on input line 6.
(pdftex.def)             Requested size: 343.68446pt x 225.6433pt.
 [1{/usr/local/texlive/2015/texmf-var/fonts/map/pdftex/updmap/pdftex.map}


 <./figures/spmv-bylina-speedup-eps-converted-to.pdf>] [2 <./figures/spmv-histo
rical-hpcg-bw-eps-converted-to.pdf>]
Overfull \hbox (8.8155pt too wide) in alignment at lines 32--35
 [][][] []
 []

Package epstopdf Info: Source file: <figures/spmv-flop-per-byte-vs-P.eps>
(epstopdf)                    date: 2017-09-18 16:06:24
(epstopdf)                    size: 616270 bytes
(epstopdf)             Output file: <figures/spmv-flop-per-byte-vs-P-eps-conver
ted-to.pdf>
(epstopdf)                    date: 2017-09-18 16:06:24
(epstopdf)                    size: 48805 bytes
(epstopdf)             Command: <repstopdf --outfile=figures/spmv-flop-per-byte
-vs-P-eps-converted-to.pdf figures/spmv-flop-per-byte-vs-P.eps>
(epstopdf)             \includegraphics on input line 38.
Package epstopdf Info: Output file is already uptodate.

<figures/spmv-flop-per-byte-vs-P-eps-converted-to.pdf, id=73, 210.7875pt x 211.
79124pt>
File: figures/spmv-flop-per-byte-vs-P-eps-converted-to.pdf Graphic file (type p
df)
 <use figures/spmv-flop-per-byte-vs-P-eps-converted-to.pdf>
Package pdftex.def Info: figures/spmv-flop-per-byte-vs-P-eps-converted-to.pdf u
sed on input line 38.
(pdftex.def)             Requested size: 158.09024pt x 158.84303pt.
Package epstopdf Info: Source file: <figures/spmv-partial-speedup.eps>
(epstopdf)                    date: 2017-09-18 16:06:24
(epstopdf)                    size: 628154 bytes
(epstopdf)             Output file: <figures/spmv-partial-speedup-eps-converted
-to.pdf>
(epstopdf)                    date: 2017-09-18 16:06:24
(epstopdf)                    size: 44831 bytes
(epstopdf)             Command: <repstopdf --outfile=figures/spmv-partial-speed
up-eps-converted-to.pdf figures/spmv-partial-speedup.eps>
(epstopdf)             \includegraphics on input line 50.
Package epstopdf Info: Output file is already uptodate.

<figures/spmv-partial-speedup-eps-converted-to.pdf, id=74, 209.78375pt x 213.79
875pt>
File: figures/spmv-partial-speedup-eps-converted-to.pdf Graphic file (type pdf)

 <use figures/spmv-partial-speedup-eps-converted-to.pdf>
Package pdftex.def Info: figures/spmv-partial-speedup-eps-converted-to.pdf used
 on input line 50.
(pdftex.def)             Requested size: 157.3374pt x 160.34866pt.

Overfull \hbox (14.88727pt too wide) in alignment at lines 63--66
 [][][] []
 []

[3 <./figures/spmv-flop-per-byte-vs-P-eps-converted-to.pdf> <./figures/spmv-par
tial-speedup-eps-converted-to.pdf>]
Overfull \hbox (15.65497pt too wide) in alignment at lines 86--89
 [][][] []
 []

Package epstopdf Info: Source file: <figures/spmv-analytic-model.eps>
(epstopdf)                    date: 2017-09-18 16:06:24
(epstopdf)                    size: 662863 bytes
(epstopdf)             Output file: <figures/spmv-analytic-model-eps-converted-
to.pdf>
(epstopdf)                    date: 2017-09-18 16:06:24
(epstopdf)                    size: 99038 bytes
(epstopdf)             Command: <repstopdf --outfile=figures/spmv-analytic-mode
l-eps-converted-to.pdf figures/spmv-analytic-model.eps>
(epstopdf)             \includegraphics on input line 108.
Package epstopdf Info: Output file is already uptodate.

<figures/spmv-analytic-model-eps-converted-to.pdf, id=116, 506.89375pt x 194.72
75pt>
File: figures/spmv-analytic-model-eps-converted-to.pdf Graphic file (type pdf)
 <use figures/spmv-analytic-model-eps-converted-to.pdf>
Package pdftex.def Info: figures/spmv-analytic-model-eps-converted-to.pdf used 
on input line 108.
(pdftex.def)             Requested size: 430.86172pt x 165.51913pt.

Underfull \hbox (badness 1694) in paragraph at lines 115--116
[]\OT1/ptm/m/n/10 For the Non-Overlapped and Over-lapped cases, the
 []

[4]) (./dspmv-implementation.tex
Overfull \hbox (40.7667pt too wide) in paragraph at lines 79--81
[] $[]$ 
 []

[5 <./figures/spmv-analytic-model-eps-converted-to.pdf>])
(./dspmv-evaluation.tex
Underfull \vbox (badness 4242) has occurred while \output is active []



LaTeX Warning: No positions in optional float specifier.
               Default added (so using `tbp') on input line 16.

) (./dspmv-threadscaling.tex
<figures/single_node_speedup.jpg, id=153, 723.70375pt x 574.145pt>
File: figures/single_node_speedup.jpg Graphic file (type jpg)

<use figures/single_node_speedup.jpg>
Package pdftex.def Info: figures/single_node_speedup.jpg used on input line 5.
(pdftex.def)             Requested size: 180.92549pt x 143.53589pt.

Underfull \vbox (badness 10000) has occurred while \output is active []

 [6])
(./dspmv-processscaling.tex
<figures/parabolicFem_surface.jpg, id=157, 679.53876pt x 599.23875pt>
File: figures/parabolicFem_surface.jpg Graphic file (type jpg)

<use figures/parabolicFem_surface.jpg>
Package pdftex.def Info: figures/parabolicFem_surface.jpg used on input line 4.

(pdftex.def)             Requested size: 169.88428pt x 149.80931pt.

<figures/bmw3_2_surface.jpg, id=158, 679.53876pt x 599.23875pt>
File: figures/bmw3_2_surface.jpg Graphic file (type jpg)

<use figures/bmw3_2_surface.jpg>
Package pdftex.def Info: figures/bmw3_2_surface.jpg used on input line 5.
(pdftex.def)             Requested size: 169.88428pt x 149.80931pt.

<figures/torso1_surface.jpg, id=159, 679.53876pt x 599.23875pt>
File: figures/torso1_surface.jpg Graphic file (type jpg)

<use figures/torso1_surface.jpg>
Package pdftex.def Info: figures/torso1_surface.jpg used on input line 6.
(pdftex.def)             Requested size: 169.88428pt x 149.80931pt.

<figures/nd24k_surface.jpg, id=160, 679.53876pt x 599.23875pt>
File: figures/nd24k_surface.jpg Graphic file (type jpg)

<use figures/nd24k_surface.jpg>
Package pdftex.def Info: figures/nd24k_surface.jpg used on input line 7.
(pdftex.def)             Requested size: 169.88428pt x 149.80931pt.

<figures/stackedbar_overhead.png, id=161, 1117.2942pt x 479.8728pt>
File: figures/stackedbar_overhead.png Graphic file (type png)

<use figures/stackedbar_overhead.png>
Package pdftex.def Info: figures/stackedbar_overhead.png used on input line 13.

(pdftex.def)             Requested size: 391.05882pt x 167.958pt.


LaTeX Warning: Reference `sec:spmv-analytic' on page 7 undefined on input line 
21.

) (./dspmv-sparsityimpact.tex) (./dspmv-futurework.tex) (./dspmv-conclusion.tex
)) [7 <./figures/single_node_speedup.jpg>] (./0-DSPMV.bbl
Overfull \vbox (7.37625pt too high) has occurred while \output is active []


[8 <./figures/parabolicFem_surface.jpg> <./figures/bmw3_2_surface.jpg> <./figur
es/torso1_surface.jpg> <./figures/nd24k_surface.jpg>])

** Conference Paper **
Before submitting the final camera ready copy, remember to:

 1. Manually equalize the lengths of two columns on the last page
 of your paper;

 2. Ensure that any PostScript and/or PDF output post-processing
 uses only Type 1 fonts and that every step in the generation
 process uses the appropriate paper size.

[9 <./figures/stackedbar_overhead.png>] (./0-DSPMV.aux)

LaTeX Warning: There were undefined references.

 ) 
Here is how much of TeX's memory you used:
 4117 strings out of 493089
 61203 string characters out of 6134842
 139164 words of memory out of 5000000
 7491 multiletter control sequences out of 15000+600000
 45156 words of font info for 85 fonts, out of 8000000 for 9000
 1144 hyphenation exceptions out of 8191
 38i,9n,35p,1514b,324s stack positions out of 5000i,500n,10000p,200000b,80000s
{/usr/local/texlive/2015/texmf-dist/fonts/enc/dvips/base/8r.enc}</usr/local/t
exlive/2015/texmf-dist/fonts/type1/public/amsfonts/cm/cmmi10.pfb></usr/local/te
xlive/2015/texmf-dist/fonts/type1/public/amsfonts/cm/cmmi5.pfb></usr/local/texl
ive/2015/texmf-dist/fonts/type1/public/amsfonts/cm/cmmi7.pfb></usr/local/texliv
e/2015/texmf-dist/fonts/type1/public/amsfonts/cm/cmmi8.pfb></usr/local/texlive/
2015/texmf-dist/fonts/type1/public/amsfonts/cm/cmr10.pfb></usr/local/texlive/20
15/texmf-dist/fonts/type1/public/amsfonts/cm/cmr7.pfb></usr/local/texlive/2015/
texmf-dist/fonts/type1/public/amsfonts/cm/cmr8.pfb></usr/local/texlive/2015/tex
mf-dist/fonts/type1/public/amsfonts/cm/cmsy10.pfb></usr/local/texlive/2015/texm
f-dist/fonts/type1/public/amsfonts/cm/cmsy6.pfb></usr/local/texlive/2015/texmf-
dist/fonts/type1/public/amsfonts/cm/cmsy7.pfb></usr/local/texlive/2015/texmf-di
st/fonts/type1/public/amsfonts/cm/cmsy9.pfb></usr/local/texlive/2015/texmf-dist
/fonts/type1/urw/times/utmb8a.pfb></usr/local/texlive/2015/texmf-dist/fonts/typ
e1/urw/times/utmbi8a.pfb></usr/local/texlive/2015/texmf-dist/fonts/type1/urw/ti
mes/utmr8a.pfb></usr/local/texlive/2015/texmf-dist/fonts/type1/urw/times/utmri8
a.pfb>
Output written on 0-DSPMV.pdf (9 pages, 1295749 bytes).
PDF statistics:
 227 PDF objects out of 1000 (max. 8388607)
 141 compressed objects within 2 object streams
 0 named destinations out of 1000 (max. 500000)
 56 words of extra memory for PDF output out of 10000 (max. 10000000)

